<?xml version="1.0" encoding="UTF-8"?>
<!-- Generated by org.testng.reporters.JUnitReportReporter -->
<testsuite hostname="LAPTOP-IKVQ7UU8" failures="0" tests="1" name="com.qa.opencart.tests.AccountsPageTest" time="1.676" errors="0" timestamp="2023-12-27T15:08:51 IST" skipped="0">
  <testcase classname="com.qa.opencart.tests.AccountsPageTest" name="searchTest" time="1.676"/>
</testsuite> <!-- com.qa.opencart.tests.AccountsPageTest -->
