<?xml version="1.0" encoding="UTF-8"?>
<!-- Generated by org.testng.reporters.JUnitReportReporter -->
<testsuite hostname="LAPTOP-IKVQ7UU8" failures="0" tests="5" name="com.qa.opencart.tests.LoginPageTest" time="1.191" errors="0" timestamp="2023-12-25T22:45:47 IST" skipped="0">
  <testcase classname="com.qa.opencart.tests.LoginPageTest" name="loginPageTitleTest" time="0.039"/>
  <testcase classname="com.qa.opencart.tests.LoginPageTest" name="loginPageUrlTest" time="0.022"/>
  <testcase classname="com.qa.opencart.tests.LoginPageTest" name="forgotPwdLinkExistTest" time="0.066"/>
  <testcase classname="com.qa.opencart.tests.LoginPageTest" name="appLogoExistTest" time="0.038"/>
  <testcase classname="com.qa.opencart.tests.LoginPageTest" name="loginTest" time="1.026"/>
</testsuite> <!-- com.qa.opencart.tests.LoginPageTest -->
